2025-04-30T07:55:31.372+02:00  INFO 80700 --- [restartedMain] o.s.s.core.SpringSecurityCoreVersion     : You are running with Spring Security Core 6.4.2

2025-04-30T07:55:31.415+02:00  INFO 80700 --- [restartedMain] c.gentlecorp.person.PersonApplication    : Starting PersonApplication using Java 23.0.2 with PID 80700 (/Users/gentlebookpro/Projekte/Gentlecorp-Systems/person/build/classes/java/main started by gentlebookpro in /Users/gentlebookpro/Projekte/Gentlecorp-Systems/person)

2025-04-30T07:55:31.415+02:00 DEBUG 80700 --- [restartedMain] c.gentlecorp.person.PersonApplication    : Running with Spring Boot v3.4.2, Spring v6.2.2

2025-04-30T07:55:31.415+02:00  INFO 80700 --- [restartedMain] c.gentlecorp.person.PersonApplication    : The following 1 profile is active: "dev"

2025-04-30T07:55:31.445+02:00  INFO 80700 --- [restartedMain] .e.DevToolsPropertyDefaultsPostProcessor : Devtools property defaults active! Set 'spring.devtools.add-properties' to 'false' to disable

2025-04-30T07:55:31.445+02:00  INFO 80700 --- [restartedMain] .e.DevToolsPropertyDefaultsPostProcessor : For additional web related logging consider setting the 'logging.level.web' property to 'DEBUG'

2025-04-30T07:55:32.100+02:00  INFO 80700 --- [restartedMain] .s.d.r.c.RepositoryConfigurationDelegate : Bootstrapping Spring Data MongoDB repositories in DEFAULT mode.

2025-04-30T07:55:32.190+02:00  INFO 80700 --- [restartedMain] .s.d.r.c.RepositoryConfigurationDelegate : Finished Spring Data repository scanning in 87 ms. Found 3 MongoDB repository interfaces.

2025-04-30T07:55:32.368+02:00  INFO 80700 --- [restartedMain] o.s.cloud.context.scope.GenericScope     : BeanFactory id=f224f1e6-9018-374b-93ad-f90448e1e68e

2025-04-30T07:55:32.929+02:00  INFO 80700 --- [restartedMain] o.s.b.w.embedded.tomcat.TomcatWebServer  : Tomcat initialized with port 8086 (http)

2025-04-30T07:55:32.939+02:00  INFO 80700 --- [restartedMain] o.apache.catalina.core.StandardService   : Starting service [Tomcat]

2025-04-30T07:55:32.939+02:00  INFO 80700 --- [restartedMain] o.apache.catalina.core.StandardEngine    : Starting Servlet engine: [Apache Tomcat/10.1.34]

2025-04-30T07:55:32.967+02:00  INFO 80700 --- [restartedMain] o.a.c.c.C.[Tomcat].[localhost].[/]       : Initializing Spring embedded WebApplicationContext

2025-04-30T07:55:32.967+02:00  INFO 80700 --- [restartedMain] w.s.c.ServletWebServerApplicationContext : Root WebApplicationContext: initialization completed in 1521 ms

2025-04-30T07:55:33.110+02:00 DEBUG 80700 --- [restartedMain] i.o.e.internal.http.HttpExporterBuilder  : Using HttpSender: io.opentelemetry.exporter.sender.okhttp.internal.OkHttpHttpSender

2025-04-30T07:55:33.113+02:00 DEBUG 80700 --- [restartedMain] i.o.sdk.internal.JavaVersionSpecific     : Using the APIs optimized for: Java 9+

2025-04-30T07:55:33.123+02:00 DEBUG 80700 --- [restartedMain] i.o.e.internal.http.HttpExporterBuilder  : Using HttpSender: io.opentelemetry.exporter.sender.okhttp.internal.OkHttpHttpSender

2025-04-30T07:55:33.146+02:00 DEBUG 80700 --- [restartedMain] i.o.e.internal.http.HttpExporterBuilder  : Using HttpSender: io.opentelemetry.exporter.sender.okhttp.internal.OkHttpHttpSender

2025-04-30T07:55:33.171+02:00 DEBUG 80700 --- [restartedMain] i.m.c.u.i.logging.InternalLoggerFactory  : Using SLF4J as the default logging framework

2025-04-30T07:55:33.485+02:00 DEBUG 80700 --- [restartedMain] o.i.s.w.v.WebMvcTelemetryProducingFilter : Filter 'otelWebMvcFilter' configured for use

2025-04-30T07:55:33.798+02:00  INFO 80700 --- [restartedMain] org.mongodb.driver.client                : MongoClient with metadata {"driver": {"name": "mongo-java-driver|sync", "version": "5.2.1"}, "os": {"type": "Darwin", "name": "Mac OS X", "architecture": "aarch64", "version": "15.3.2"}, "platform": "Java/Homebrew/23.0.2"} created with settings MongoClientSettings{readPreference=primary, writeConcern=WriteConcern{w=null, wTimeout=null ms, journal=null}, retryWrites=true, retryReads=true, readConcern=ReadConcern{level=null}, credential=MongoCredential{mechanism=null, userName='root', source='admin', password=<hidden>, mechanismProperties=<hidden>}, transportSettings=null, commandListeners=[], codecRegistry=ProvidersCodecRegistry{codecProviders=[ValueCodecProvider{}, BsonValueCodecProvider{}, DBRefCodecProvider{}, DBObjectCodecProvider{}, DocumentCodecProvider{}, CollectionCodecProvider{}, IterableCodecProvider{}, MapCodecProvider{}, GeoJsonCodecProvider{}, GridFSFileCodecProvider{}, Jsr310CodecProvider{}, JsonObjectCodecProvider{}, BsonCodecProvider{}, EnumCodecProvider{}, com.mongodb.client.model.mql.ExpressionCodecProvider@4f628ffb, com.mongodb.Jep395RecordCodecProvider@3395392f, com.mongodb.KotlinCodecProvider@4e000627]}, loggerSettings=LoggerSettings{maxDocumentLength=1000}, clusterSettings={hosts=[localhost:27017], srvServiceName=mongodb, mode=SINGLE, requiredClusterType=UNKNOWN, requiredReplicaSetName='null', serverSelector='null', clusterListeners='[]', serverSelectionTimeout='30000 ms', localThreshold='15 ms'}, socketSettings=SocketSettings{connectTimeoutMS=10000, readTimeoutMS=0, receiveBufferSize=0, proxySettings=ProxySettings{host=null, port=null, username=null, password=null}}, heartbeatSocketSettings=SocketSettings{connectTimeoutMS=10000, readTimeoutMS=10000, receiveBufferSize=0, proxySettings=ProxySettings{host=null, port=null, username=null, password=null}}, connectionPoolSettings=ConnectionPoolSettings{maxSize=100, minSize=0, maxWaitTimeMS=120000, maxConnectionLifeTimeMS=0, maxConnectionIdleTimeMS=0, maintenanceInitialDelayMS=0, maintenanceFrequencyMS=60000, connectionPoolListeners=[], maxConnecting=2}, serverSettings=ServerSettings{heartbeatFrequencyMS=10000, minHeartbeatFrequencyMS=500, serverMonitoringMode=AUTO, serverListeners='[]', serverMonitorListeners='[]'}, sslSettings=SslSettings{enabled=false, invalidHostNameAllowed=false, context=null}, applicationName='null', compressorList=[], uuidRepresentation=STANDARD, serverApi=null, autoEncryptionSettings=null, dnsClient=null, inetAddressResolver=null, contextProvider=null, timeoutMS=null}

2025-04-30T07:55:33.804+02:00  INFO 80700 --- [cluster-ClusterId{value='6811bb55b12846247f86d24f', description='null'}-localhost:27017] org.mongodb.driver.cluster               : Monitor thread successfully connected to server with description ServerDescription{address=localhost:27017, type=STANDALONE, cryptd=false, state=CONNECTED, ok=true, minWireVersion=0, maxWireVersion=25, maxDocumentSize=16777216, logicalSessionTimeoutMinutes=30, roundTripTimeNanos=11909833, minRoundTripTimeNanos=0}

2025-04-30T07:55:33.979+02:00  INFO 80700 --- [restartedMain] o.s.b.d.a.OptionalLiveReloadServer       : LiveReload server is running on port 35729

2025-04-30T07:55:34.471+02:00 DEBUG 80700 --- [restartedMain] c.g.person.config.KeycloakClientConfig   : KeycloakRepository: baseUri=http://localhost:18080

2025-04-30T07:55:34.503+02:00  WARN 80700 --- [restartedMain] ConfigServletWebServerApplicationContext : Exception encountered during context initialization - cancelling refresh attempt: org.springframework.beans.factory.UnsatisfiedDependencyException: Error creating bean with name 'personMutationResolver' defined in file [/Users/gentlebookpro/Projekte/Gentlecorp-Systems/person/build/classes/java/main/com/gentlecorp/person/resolvers/PersonMutationResolver.class]: Unsatisfied dependency expressed through constructor parameter 0: Error creating bean with name 'personWriteService' defined in file [/Users/gentlebookpro/Projekte/Gentlecorp-Systems/person/build/classes/java/main/com/gentlecorp/person/services/PersonWriteService.class]: Unsatisfied dependency expressed through constructor parameter 3: Error creating bean with name 'keycloakService' defined in file [/Users/gentlebookpro/Projekte/Gentlecorp-Systems/person/build/classes/java/main/com/gentlecorp/person/security/service/KeycloakService.class]: Unsatisfied dependency expressed through constructor parameter 1: Error creating bean with name 'app.keycloak-com.gentlecorp.person.security.KeycloakProps': Could not generate CGLIB subclass of class com.gentlecorp.person.security.KeycloakProps: Common causes of this problem include using a final class or a non-visible class

2025-04-30T07:55:34.579+02:00  WARN 80700 --- [OkHttp http://localhost:4318/...] i.o.exporter.internal.http.HttpExporter  : Failed to export metrics. Server responded with HTTP status code 404. Error message: Unable to parse response body, HTTP status message: Not Found

2025-04-30T07:55:34.580+02:00 DEBUG 80700 --- [OkHttp http://localhost:4318/...] i.o.s.m.export.PeriodicMetricReader      : Exporter failed

2025-04-30T07:55:34.588+02:00  INFO 80700 --- [restartedMain] o.apache.catalina.core.StandardService   : Stopping service [Tomcat]

2025-04-30T07:55:34.592+02:00  WARN 80700 --- [restartedMain] o.a.c.loader.WebappClassLoaderBase       : The web application [ROOT] appears to have started a thread named [BatchSpanProcessor_WorkerThread-1] but has failed to stop it. This is very likely to create a memory leak. Stack trace of thread:
 java.base/jdk.internal.misc.Unsafe.park(Native Method)
 java.base/java.util.concurrent.locks.LockSupport.parkNanos(LockSupport.java:269)
 java.base/java.util.concurrent.locks.AbstractQueuedSynchronizer$ConditionObject.awaitNanos(AbstractQueuedSynchronizer.java:1763)
 java.base/java.util.concurrent.ArrayBlockingQueue.poll(ArrayBlockingQueue.java:435)
 io.opentelemetry.sdk.trace.export.BatchSpanProcessor$Worker.run(BatchSpanProcessor.java:266)
 java.base/java.lang.Thread.run(Thread.java:1575)

2025-04-30T07:55:34.592+02:00  WARN 80700 --- [restartedMain] o.a.c.loader.WebappClassLoaderBase       : The web application [ROOT] appears to have started a thread named [BatchLogRecordProcessor_WorkerThread-1] but has failed to stop it. This is very likely to create a memory leak. Stack trace of thread:
 java.base/jdk.internal.misc.Unsafe.park(Native Method)
 java.base/java.util.concurrent.locks.LockSupport.parkNanos(LockSupport.java:269)
 java.base/java.util.concurrent.locks.AbstractQueuedSynchronizer$ConditionObject.awaitNanos(AbstractQueuedSynchronizer.java:1763)
 java.base/java.util.concurrent.ArrayBlockingQueue.poll(ArrayBlockingQueue.java:435)
 io.opentelemetry.sdk.logs.export.BatchLogRecordProcessor$Worker.run(BatchLogRecordProcessor.java:246)
 java.base/java.lang.Thread.run(Thread.java:1575)

2025-04-30T07:55:34.605+02:00  INFO 80700 --- [restartedMain] .s.b.a.l.ConditionEvaluationReportLogger : 

Error starting ApplicationContext. To display the condition evaluation report re-run your application with 'debug' enabled.

2025-04-30T07:55:34.617+02:00 ERROR 80700 --- [restartedMain] o.s.boot.SpringApplication               : Application run failed

org.springframework.beans.factory.UnsatisfiedDependencyException: Error creating bean with name 'personMutationResolver' defined in file [/Users/gentlebookpro/Projekte/Gentlecorp-Systems/person/build/classes/java/main/com/gentlecorp/person/resolvers/PersonMutationResolver.class]: Unsatisfied dependency expressed through constructor parameter 0: Error creating bean with name 'personWriteService' defined in file [/Users/gentlebookpro/Projekte/Gentlecorp-Systems/person/build/classes/java/main/com/gentlecorp/person/services/PersonWriteService.class]: Unsatisfied dependency expressed through constructor parameter 3: Error creating bean with name 'keycloakService' defined in file [/Users/gentlebookpro/Projekte/Gentlecorp-Systems/person/build/classes/java/main/com/gentlecorp/person/security/service/KeycloakService.class]: Unsatisfied dependency expressed through constructor parameter 1: Error creating bean with name 'app.keycloak-com.gentlecorp.person.security.KeycloakProps': Could not generate CGLIB subclass of class com.gentlecorp.person.security.KeycloakProps: Common causes of this problem include using a final class or a non-visible class
	at org.springframework.beans.factory.support.ConstructorResolver.createArgumentArray(ConstructorResolver.java:804) ~[spring-beans-6.2.2.jar:6.2.2]
	at org.springframework.beans.factory.support.ConstructorResolver.autowireConstructor(ConstructorResolver.java:240) ~[spring-beans-6.2.2.jar:6.2.2]
	at org.springframework.beans.factory.support.AbstractAutowireCapableBeanFactory.autowireConstructor(AbstractAutowireCapableBeanFactory.java:1381) ~[spring-beans-6.2.2.jar:6.2.2]
	at org.springframework.beans.factory.support.AbstractAutowireCapableBeanFactory.createBeanInstance(AbstractAutowireCapableBeanFactory.java:1218) ~[spring-beans-6.2.2.jar:6.2.2]
	at org.springframework.beans.factory.support.AbstractAutowireCapableBeanFactory.doCreateBean(AbstractAutowireCapableBeanFactory.java:563) ~[spring-beans-6.2.2.jar:6.2.2]
	at org.springframework.beans.factory.support.AbstractAutowireCapableBeanFactory.createBean(AbstractAutowireCapableBeanFactory.java:523) ~[spring-beans-6.2.2.jar:6.2.2]
	at org.springframework.beans.factory.support.AbstractBeanFactory.lambda$doGetBean$0(AbstractBeanFactory.java:336) ~[spring-beans-6.2.2.jar:6.2.2]
	at org.springframework.beans.factory.support.DefaultSingletonBeanRegistry.getSingleton(DefaultSingletonBeanRegistry.java:307) ~[spring-beans-6.2.2.jar:6.2.2]
	at org.springframework.beans.factory.support.AbstractBeanFactory.doGetBean(AbstractBeanFactory.java:334) ~[spring-beans-6.2.2.jar:6.2.2]
	at org.springframework.beans.factory.support.AbstractBeanFactory.getBean(AbstractBeanFactory.java:199) ~[spring-beans-6.2.2.jar:6.2.2]
	at org.springframework.beans.factory.support.DefaultListableBeanFactory.instantiateSingleton(DefaultListableBeanFactory.java:1122) ~[spring-beans-6.2.2.jar:6.2.2]
	at org.springframework.beans.factory.support.DefaultListableBeanFactory.preInstantiateSingleton(DefaultListableBeanFactory.java:1093) ~[spring-beans-6.2.2.jar:6.2.2]
	at org.springframework.beans.factory.support.DefaultListableBeanFactory.preInstantiateSingletons(DefaultListableBeanFactory.java:1030) ~[spring-beans-6.2.2.jar:6.2.2]
	at org.springframework.context.support.AbstractApplicationContext.finishBeanFactoryInitialization(AbstractApplicationContext.java:987) ~[spring-context-6.2.2.jar:6.2.2]
	at org.springframework.context.support.AbstractApplicationContext.refresh(AbstractApplicationContext.java:627) ~[spring-context-6.2.2.jar:6.2.2]
	at org.springframework.boot.web.servlet.context.ServletWebServerApplicationContext.refresh(ServletWebServerApplicationContext.java:146) ~[spring-boot-3.4.2.jar:3.4.2]
	at org.springframework.boot.SpringApplication.refresh(SpringApplication.java:752) ~[spring-boot-3.4.2.jar:3.4.2]
	at org.springframework.boot.SpringApplication.refreshContext(SpringApplication.java:439) ~[spring-boot-3.4.2.jar:3.4.2]
	at org.springframework.boot.SpringApplication.run(SpringApplication.java:318) ~[spring-boot-3.4.2.jar:3.4.2]
	at com.gentlecorp.person.PersonApplication.main(PersonApplication.java:37) ~[main/:na]
	at java.base/jdk.internal.reflect.DirectMethodHandleAccessor.invoke(DirectMethodHandleAccessor.java:103) ~[na:na]
	at java.base/java.lang.reflect.Method.invoke(Method.java:580) ~[na:na]
	at org.springframework.boot.devtools.restart.RestartLauncher.run(RestartLauncher.java:50) ~[spring-boot-devtools-3.4.2.jar:3.4.2]
Caused by: org.springframework.beans.factory.UnsatisfiedDependencyException: Error creating bean with name 'personWriteService' defined in file [/Users/gentlebookpro/Projekte/Gentlecorp-Systems/person/build/classes/java/main/com/gentlecorp/person/services/PersonWriteService.class]: Unsatisfied dependency expressed through constructor parameter 3: Error creating bean with name 'keycloakService' defined in file [/Users/gentlebookpro/Projekte/Gentlecorp-Systems/person/build/classes/java/main/com/gentlecorp/person/security/service/KeycloakService.class]: Unsatisfied dependency expressed through constructor parameter 1: Error creating bean with name 'app.keycloak-com.gentlecorp.person.security.KeycloakProps': Could not generate CGLIB subclass of class com.gentlecorp.person.security.KeycloakProps: Common causes of this problem include using a final class or a non-visible class
	at org.springframework.beans.factory.support.ConstructorResolver.createArgumentArray(ConstructorResolver.java:804) ~[spring-beans-6.2.2.jar:6.2.2]
	at org.springframework.beans.factory.support.ConstructorResolver.autowireConstructor(ConstructorResolver.java:240) ~[spring-beans-6.2.2.jar:6.2.2]
	at org.springframework.beans.factory.support.AbstractAutowireCapableBeanFactory.autowireConstructor(AbstractAutowireCapableBeanFactory.java:1381) ~[spring-beans-6.2.2.jar:6.2.2]
	at org.springframework.beans.factory.support.AbstractAutowireCapableBeanFactory.createBeanInstance(AbstractAutowireCapableBeanFactory.java:1218) ~[spring-beans-6.2.2.jar:6.2.2]
	at org.springframework.beans.factory.support.AbstractAutowireCapableBeanFactory.doCreateBean(AbstractAutowireCapableBeanFactory.java:563) ~[spring-beans-6.2.2.jar:6.2.2]
	at org.springframework.beans.factory.support.AbstractAutowireCapableBeanFactory.createBean(AbstractAutowireCapableBeanFactory.java:523) ~[spring-beans-6.2.2.jar:6.2.2]
	at org.springframework.beans.factory.support.AbstractBeanFactory.lambda$doGetBean$0(AbstractBeanFactory.java:336) ~[spring-beans-6.2.2.jar:6.2.2]
	at org.springframework.beans.factory.support.DefaultSingletonBeanRegistry.getSingleton(DefaultSingletonBeanRegistry.java:307) ~[spring-beans-6.2.2.jar:6.2.2]
	at org.springframework.beans.factory.support.AbstractBeanFactory.doGetBean(AbstractBeanFactory.java:334) ~[spring-beans-6.2.2.jar:6.2.2]
	at org.springframework.beans.factory.support.AbstractBeanFactory.getBean(AbstractBeanFactory.java:199) ~[spring-beans-6.2.2.jar:6.2.2]
	at org.springframework.beans.factory.support.DefaultListableBeanFactory.doResolveDependency(DefaultListableBeanFactory.java:1573) ~[spring-beans-6.2.2.jar:6.2.2]
	at org.springframework.beans.factory.support.DefaultListableBeanFactory.resolveDependency(DefaultListableBeanFactory.java:1519) ~[spring-beans-6.2.2.jar:6.2.2]
	at org.springframework.beans.factory.support.ConstructorResolver.resolveAutowiredArgument(ConstructorResolver.java:913) ~[spring-beans-6.2.2.jar:6.2.2]
	at org.springframework.beans.factory.support.ConstructorResolver.createArgumentArray(ConstructorResolver.java:791) ~[spring-beans-6.2.2.jar:6.2.2]
	... 22 common frames omitted
Caused by: org.springframework.beans.factory.UnsatisfiedDependencyException: Error creating bean with name 'keycloakService' defined in file [/Users/gentlebookpro/Projekte/Gentlecorp-Systems/person/build/classes/java/main/com/gentlecorp/person/security/service/KeycloakService.class]: Unsatisfied dependency expressed through constructor parameter 1: Error creating bean with name 'app.keycloak-com.gentlecorp.person.security.KeycloakProps': Could not generate CGLIB subclass of class com.gentlecorp.person.security.KeycloakProps: Common causes of this problem include using a final class or a non-visible class
	at org.springframework.beans.factory.support.ConstructorResolver.createArgumentArray(ConstructorResolver.java:804) ~[spring-beans-6.2.2.jar:6.2.2]
	at org.springframework.beans.factory.support.ConstructorResolver.autowireConstructor(ConstructorResolver.java:240) ~[spring-beans-6.2.2.jar:6.2.2]
	at org.springframework.beans.factory.support.AbstractAutowireCapableBeanFactory.autowireConstructor(AbstractAutowireCapableBeanFactory.java:1381) ~[spring-beans-6.2.2.jar:6.2.2]
	at org.springframework.beans.factory.support.AbstractAutowireCapableBeanFactory.createBeanInstance(AbstractAutowireCapableBeanFactory.java:1218) ~[spring-beans-6.2.2.jar:6.2.2]
	at org.springframework.beans.factory.support.AbstractAutowireCapableBeanFactory.doCreateBean(AbstractAutowireCapableBeanFactory.java:563) ~[spring-beans-6.2.2.jar:6.2.2]
	at org.springframework.beans.factory.support.AbstractAutowireCapableBeanFactory.createBean(AbstractAutowireCapableBeanFactory.java:523) ~[spring-beans-6.2.2.jar:6.2.2]
	at org.springframework.beans.factory.support.AbstractBeanFactory.lambda$doGetBean$0(AbstractBeanFactory.java:336) ~[spring-beans-6.2.2.jar:6.2.2]
	at org.springframework.beans.factory.support.DefaultSingletonBeanRegistry.getSingleton(DefaultSingletonBeanRegistry.java:307) ~[spring-beans-6.2.2.jar:6.2.2]
	at org.springframework.beans.factory.support.AbstractBeanFactory.doGetBean(AbstractBeanFactory.java:334) ~[spring-beans-6.2.2.jar:6.2.2]
	at org.springframework.beans.factory.support.AbstractBeanFactory.getBean(AbstractBeanFactory.java:199) ~[spring-beans-6.2.2.jar:6.2.2]
	at org.springframework.beans.factory.support.DefaultListableBeanFactory.doResolveDependency(DefaultListableBeanFactory.java:1573) ~[spring-beans-6.2.2.jar:6.2.2]
	at org.springframework.beans.factory.support.DefaultListableBeanFactory.resolveDependency(DefaultListableBeanFactory.java:1519) ~[spring-beans-6.2.2.jar:6.2.2]
	at org.springframework.beans.factory.support.ConstructorResolver.resolveAutowiredArgument(ConstructorResolver.java:913) ~[spring-beans-6.2.2.jar:6.2.2]
	at org.springframework.beans.factory.support.ConstructorResolver.createArgumentArray(ConstructorResolver.java:791) ~[spring-beans-6.2.2.jar:6.2.2]
	... 35 common frames omitted
Caused by: org.springframework.beans.factory.BeanCreationException: Error creating bean with name 'app.keycloak-com.gentlecorp.person.security.KeycloakProps': Could not generate CGLIB subclass of class com.gentlecorp.person.security.KeycloakProps: Common causes of this problem include using a final class or a non-visible class
	at org.springframework.beans.factory.support.AbstractAutowireCapableBeanFactory.doCreateBean(AbstractAutowireCapableBeanFactory.java:608) ~[spring-beans-6.2.2.jar:6.2.2]
	at org.springframework.beans.factory.support.AbstractAutowireCapableBeanFactory.createBean(AbstractAutowireCapableBeanFactory.java:523) ~[spring-beans-6.2.2.jar:6.2.2]
	at org.springframework.beans.factory.support.AbstractBeanFactory.lambda$doGetBean$0(AbstractBeanFactory.java:336) ~[spring-beans-6.2.2.jar:6.2.2]
	at org.springframework.beans.factory.support.DefaultSingletonBeanRegistry.getSingleton(DefaultSingletonBeanRegistry.java:307) ~[spring-beans-6.2.2.jar:6.2.2]
	at org.springframework.beans.factory.support.AbstractBeanFactory.doGetBean(AbstractBeanFactory.java:334) ~[spring-beans-6.2.2.jar:6.2.2]
	at org.springframework.beans.factory.support.AbstractBeanFactory.getBean(AbstractBeanFactory.java:199) ~[spring-beans-6.2.2.jar:6.2.2]
	at org.springframework.beans.factory.config.DependencyDescriptor.resolveCandidate(DependencyDescriptor.java:254) ~[spring-beans-6.2.2.jar:6.2.2]
	at org.springframework.beans.factory.support.DefaultListableBeanFactory.doResolveDependency(DefaultListableBeanFactory.java:1631) ~[spring-beans-6.2.2.jar:6.2.2]
	at org.springframework.beans.factory.support.DefaultListableBeanFactory.resolveDependency(DefaultListableBeanFactory.java:1519) ~[spring-beans-6.2.2.jar:6.2.2]
	at org.springframework.beans.factory.support.ConstructorResolver.resolveAutowiredArgument(ConstructorResolver.java:913) ~[spring-beans-6.2.2.jar:6.2.2]
	at org.springframework.beans.factory.support.ConstructorResolver.createArgumentArray(ConstructorResolver.java:791) ~[spring-beans-6.2.2.jar:6.2.2]
	... 48 common frames omitted
Caused by: org.springframework.aop.framework.AopConfigException: Could not generate CGLIB subclass of class com.gentlecorp.person.security.KeycloakProps: Common causes of this problem include using a final class or a non-visible class
	at org.springframework.aop.framework.CglibAopProxy.buildProxy(CglibAopProxy.java:237) ~[spring-aop-6.2.2.jar:6.2.2]
	at org.springframework.aop.framework.CglibAopProxy.getProxy(CglibAopProxy.java:167) ~[spring-aop-6.2.2.jar:6.2.2]
	at org.springframework.aop.framework.ProxyFactory.getProxy(ProxyFactory.java:110) ~[spring-aop-6.2.2.jar:6.2.2]
	at org.springframework.aop.framework.autoproxy.AbstractAutoProxyCreator.buildProxy(AbstractAutoProxyCreator.java:518) ~[spring-aop-6.2.2.jar:6.2.2]
	at org.springframework.aop.framework.autoproxy.AbstractAutoProxyCreator.createProxy(AbstractAutoProxyCreator.java:465) ~[spring-aop-6.2.2.jar:6.2.2]
	at org.springframework.aop.framework.autoproxy.AbstractAutoProxyCreator.wrapIfNecessary(AbstractAutoProxyCreator.java:370) ~[spring-aop-6.2.2.jar:6.2.2]
	at org.springframework.aop.framework.autoproxy.AbstractAutoProxyCreator.postProcessAfterInitialization(AbstractAutoProxyCreator.java:319) ~[spring-aop-6.2.2.jar:6.2.2]
	at org.springframework.beans.factory.support.AbstractAutowireCapableBeanFactory.applyBeanPostProcessorsAfterInitialization(AbstractAutowireCapableBeanFactory.java:439) ~[spring-beans-6.2.2.jar:6.2.2]
	at org.springframework.beans.factory.support.AbstractAutowireCapableBeanFactory.initializeBean(AbstractAutowireCapableBeanFactory.java:1815) ~[spring-beans-6.2.2.jar:6.2.2]
	at org.springframework.beans.factory.support.AbstractAutowireCapableBeanFactory.doCreateBean(AbstractAutowireCapableBeanFactory.java:601) ~[spring-beans-6.2.2.jar:6.2.2]
	... 58 common frames omitted
Caused by: java.lang.IllegalArgumentException: Cannot subclass final class com.gentlecorp.person.security.KeycloakProps
	at org.springframework.cglib.proxy.Enhancer.generateClass(Enhancer.java:653) ~[spring-core-6.2.2.jar:6.2.2]
	at org.springframework.cglib.transform.TransformingClassGenerator.generateClass(TransformingClassGenerator.java:35) ~[spring-core-6.2.2.jar:6.2.2]
	at org.springframework.cglib.core.DefaultGeneratorStrategy.generate(DefaultGeneratorStrategy.java:26) ~[spring-core-6.2.2.jar:6.2.2]
	at org.springframework.cglib.core.ClassLoaderAwareGeneratorStrategy.generate(ClassLoaderAwareGeneratorStrategy.java:76) ~[spring-core-6.2.2.jar:6.2.2]
	at org.springframework.cglib.core.AbstractClassGenerator.generate(AbstractClassGenerator.java:366) ~[spring-core-6.2.2.jar:6.2.2]
	at org.springframework.cglib.proxy.Enhancer.generate(Enhancer.java:575) ~[spring-core-6.2.2.jar:6.2.2]
	at org.springframework.cglib.core.AbstractClassGenerator$ClassLoaderData.get(AbstractClassGenerator.java:127) ~[spring-core-6.2.2.jar:6.2.2]
	at org.springframework.cglib.core.AbstractClassGenerator.create(AbstractClassGenerator.java:317) ~[spring-core-6.2.2.jar:6.2.2]
	at org.springframework.cglib.proxy.Enhancer.createHelper(Enhancer.java:562) ~[spring-core-6.2.2.jar:6.2.2]
	at org.springframework.cglib.proxy.Enhancer.createClass(Enhancer.java:407) ~[spring-core-6.2.2.jar:6.2.2]
	at org.springframework.aop.framework.ObjenesisCglibAopProxy.createProxyClassAndInstance(ObjenesisCglibAopProxy.java:62) ~[spring-aop-6.2.2.jar:6.2.2]
	at org.springframework.aop.framework.CglibAopProxy.buildProxy(CglibAopProxy.java:228) ~[spring-aop-6.2.2.jar:6.2.2]
	... 67 common frames omitted


